<?xml version="1.0" encoding="UTF-8"?>
<!-- Generated by org.testng.reporters.JUnitReportReporter -->
<testsuite hostname="DESKTOP-96NUCQ1" failures="0" tests="6" name="com.test.GoogleTest" time="54.040" errors="0" timestamp="2023-06-14T15:02:06 IST" skipped="0">
  <testcase classname="com.test.GoogleTest" name="MailLink" time="9.849"/>
  <system-out/>
  <testcase classname="com.test.GoogleTest" name="googleLogoTest" time="11.430"/>
  <system-out/>
  <testcase classname="com.test.GoogleTest" name="googleTest" time="7.094"/>
  <system-out/>
  <testcase classname="com.test.GoogleTest" name="test1" time="7.511"/>
  <system-out/>
  <testcase classname="com.test.GoogleTest" name="test2" time="8.026"/>
  <system-out/>
  <testcase classname="com.test.GoogleTest" name="test3" time="10.130"/>
  <system-out/>
</testsuite> <!-- com.test.GoogleTest -->
