<?xml version="1.0" encoding="UTF-8"?>
<!-- Generated by org.testng.reporters.JUnitReportReporter -->
<testsuite hostname="DESKTOP-96NUCQ1" failures="0" tests="1" name="com.parameters.ParameterTest" time="32.338" errors="0" timestamp="2023-06-27T09:51:40 IST" skipped="0">
  <testcase classname="com.parameters.ParameterTest" name="yahoologinTest" time="32.338"/>
  <system-out>
    <![CDATA[Successful Login operation]]>
  </system-out>
</testsuite> <!-- com.parameters.ParameterTest -->
