<?xml version="1.0" encoding="UTF-8"?>
<!-- Generated by org.testng.reporters.JUnitReportReporter -->
<testsuite hostname="DESKTOP-96NUCQ1" failures="0" tests="6" name="com.test.GoogleTest" time="50.663" errors="0" timestamp="2023-06-27T08:52:15 IST" skipped="0">
  <testcase classname="com.test.GoogleTest" name="MailLink" time="7.504"/>
  <system-out/>
  <testcase classname="com.test.GoogleTest" name="googleLogoTest" time="7.618"/>
  <system-out/>
  <testcase classname="com.test.GoogleTest" name="googleTest" time="9.478"/>
  <system-out/>
  <testcase classname="com.test.GoogleTest" name="test1" time="5.869"/>
  <system-out/>
  <testcase classname="com.test.GoogleTest" name="test2" time="9.850"/>
  <system-out/>
  <testcase classname="com.test.GoogleTest" name="test3" time="10.344"/>
  <system-out/>
</testsuite> <!-- com.test.GoogleTest -->
