<?xml version="1.0" encoding="UTF-8"?>
<!-- Generated by org.testng.reporters.JUnitReportReporter -->
<testsuite hostname="DESKTOP-96NUCQ1" failures="0" tests="1" name="com.test.ExceptionTimeOutTest" time="0.022" errors="0" timestamp="2023-06-27T08:52:15 IST" skipped="0">
  <testcase classname="com.test.ExceptionTimeOutTest" name="test1" time="0.022"/>
  <system-out/>
</testsuite> <!-- com.test.ExceptionTimeOutTest -->
